{
  "RSpec": {
    "coverage": {
      "/Users/siddharthwatal/Desktop/homeBase/homeBase/config/environment.rb": [
        null,
        1,
        null,
        null,
        1
      ],
      "/Users/siddharthwatal/Desktop/homeBase/homeBase/config/application.rb": [
        1,
        null,
        1,
        null,
        1,
        1,
        1,
        1,
        1,
        1,
        1,
        null,
        null,
        null,
        null,
        1,
        null,
        1,
        1,
        null,
        null,
        null,
        null,
        null,
        null,
        null,
        null,
        null,
        null,
        null,
        null,
        null,
        1,
        null,
        1,
        null,
        null,
        null,
        null,
        null
      ],
      "/Users/siddharthwatal/Desktop/homeBase/homeBase/config/boot.rb": [
        1,
        null,
        1
      ],
      "/Users/siddharthwatal/Desktop/homeBase/homeBase/config/environments/test.rb": [
        1,
        null,
        null,
        null,
        null,
        null,
        null,
        1,
        null,
        null,
        null,
        null,
        1,
        null,
        null,
        1,
        1,
        null,
        null,
        1,
        1,
        null,
        null,
        1,
        null,
        null,
        1,
        null,
        null,
        null,
        null,
        1,
        null,
        null,
        1,
        null,
        null,
        1,
        null,
        null,
        null,
        null
      ],
      "/Users/siddharthwatal/Desktop/homeBase/homeBase/config/initializers/filter_parameter_logging.rb": [
        null,
        null,
        null,
        1
      ],
      "/Users/siddharthwatal/Desktop/homeBase/homeBase/config/initializers/secret_token.rb": [
        null,
        null,
        null,
        null,
        null,
        null,
        null,
        null,
        null,
        null,
        null,
        null,
        null,
        null,
        null,
        null,
        null,
        null,
        1
      ],
      "/Users/siddharthwatal/Desktop/homeBase/homeBase/config/initializers/wrap_parameters.rb": [
        null,
        null,
        null,
        null,
        null,
        null,
        null,
        null,
        null,
        null,
        null,
        null,
        null
      ],
      "/Users/siddharthwatal/Desktop/homeBase/homeBase/spec/factories.rb": [
        1,
        1,
        43,
        43,
        43,
        null,
        null,
        1,
        11,
        11,
        1,
        11,
        11,
        null,
        null,
        1,
        11,
        11,
        1,
        11,
        null,
        null,
        1,
        7,
        7,
        7,
        1,
        null,
        null,
        1,
        8,
        8,
        1,
        null,
        null,
        1,
        3,
        3,
        null,
        null,
        null
      ],
      "/Users/siddharthwatal/Desktop/homeBase/homeBase/config/routes.rb": [
        1,
        null,
        null,
        null,
        1,
        1,
        null,
        null,
        1,
        null,
        null,
        null,
        null,
        null,
        null,
        null,
        null,
        null,
        null,
        null,
        null,
        null,
        null,
        null,
        null,
        null,
        null,
        null,
        null,
        null,
        null,
        null,
        null,
        null,
        null,
        null,
        null,
        null,
        null,
        null,
        null,
        null,
        null,
        null,
        null,
        null,
        null,
        null,
        null,
        null,
        null,
        null,
        null,
        null,
        null,
        null,
        null,
        null,
        null,
        null,
        null
      ],
      "/Users/siddharthwatal/Desktop/homeBase/homeBase/spec/support/authentication_helpers.rb": [
        1,
        1,
        2,
        null,
        null,
        null
      ],
      "/Users/siddharthwatal/Desktop/homeBase/homeBase/app/controllers/tasks_controller.rb": [
        1,
        1,
        null,
        1,
        2,
        2,
        null,
        null,
        1,
        0,
        0,
        0,
        0,
        0,
        null,
        null,
        null,
        null,
        null,
        1,
        1,
        0,
        null,
        null,
        1,
        2,
        0,
        null,
        null,
        null
      ],
      "/Users/siddharthwatal/Desktop/homeBase/homeBase/app/controllers/application_controller.rb": [
        1,
        null,
        1,
        null,
        1,
        0,
        null,
        null,
        1,
        0,
        null,
        null,
        1,
        0,
        null,
        null
      ],
      "/Users/siddharthwatal/Desktop/homeBase/homeBase/spec/models/event_spec.rb": [
        1,
        null,
        1,
        7,
        1,
        2,
        2,
        2,
        2,
        null,
        null,
        1,
        2,
        2,
        null,
        null
      ],
      "/Users/siddharthwatal/Desktop/homeBase/homeBase/app/models/event.rb": [
        1,
        1,
        1,
        null,
        1,
        1,
        1,
        null,
        null,
        1,
        null,
        1,
        10,
        0,
        null,
        null,
        null,
        1,
        10,
        0,
        null,
        null,
        null,
        null,
        null,
        null,
        null,
        null,
        null,
        null
      ],
      "/Users/siddharthwatal/Desktop/homeBase/homeBase/spec/models/family_spec.rb": [
        1,
        null,
        1,
        10,
        1,
        2,
        2,
        2,
        2,
        1,
        1,
        null,
        null,
        null,
        null,
        1,
        2,
        2,
        2,
        2,
        null,
        null
      ],
      "/Users/siddharthwatal/Desktop/homeBase/homeBase/app/models/family.rb": [
        1,
        1,
        1,
        1,
        1,
        1,
        null,
        1,
        1,
        1,
        null
      ],
      "/Users/siddharthwatal/Desktop/homeBase/homeBase/spec/models/medal_spec.rb": [
        1,
        null,
        1,
        3,
        1,
        2,
        2,
        null,
        null,
        1,
        null,
        null,
        null
      ],
      "/Users/siddharthwatal/Desktop/homeBase/homeBase/app/models/medal.rb": [
        1,
        1,
        null,
        1,
        null
      ],
      "/Users/siddharthwatal/Desktop/homeBase/homeBase/spec/models/member_spec.rb": [
        1,
        null,
        1,
        11,
        1,
        2,
        2,
        2,
        2,
        2,
        null,
        null,
        1,
        2,
        2,
        2,
        2,
        2,
        null,
        null
      ],
      "/Users/siddharthwatal/Desktop/homeBase/homeBase/app/models/member.rb": [
        1,
        1,
        1,
        1,
        1,
        1,
        null,
        1,
        1,
        null,
        null
      ],
      "/Users/siddharthwatal/Desktop/homeBase/homeBase/spec/models/reward_spec.rb": [
        1,
        null,
        1,
        8,
        1,
        2,
        2,
        2,
        2,
        1,
        1,
        null,
        null,
        null,
        null,
        1,
        2,
        2,
        null,
        null
      ],
      "/Users/siddharthwatal/Desktop/homeBase/homeBase/spec/models/task_spec.rb": [
        1,
        null,
        1,
        7,
        1,
        2,
        2,
        2,
        null,
        null,
        1,
        2,
        2,
        2,
        null,
        null
      ],
      "/Users/siddharthwatal/Desktop/homeBase/homeBase/app/models/task.rb": [
        1,
        1,
        1,
        1,
        null,
        1,
        1,
        1,
        1,
        1,
        null,
        null,
        1,
        1,
        13,
        0,
        null,
        null,
        null,
        1,
        13,
        0,
        null,
        null,
        null,
        1,
        13,
        0,
        null,
        null,
        null
      ],
      "/Users/siddharthwatal/Desktop/homeBase/homeBase/app/models/reward.rb": [
        1,
        1,
        1,
        null,
        1,
        1,
        1,
        null,
        null,
        1,
        1,
        16,
        0,
        null,
        null,
        null
      ]
    },
    "timestamp": 1432934395
  }
}
